<?xml version="1.0" encoding="UTF-8"?>
<!-- Generated by org.testng.reporters.JUnitReportReporter -->
<testsuite hostname="localhost" failures="0" tests="1" name="com.qa.hubspot.tests.LoginPageTest" time="0.193" errors="0" timestamp="2022-06-27T12:40:49 IST" skipped="0">
  <testcase classname="com.qa.hubspot.tests.LoginPageTest" name="checkSignUPlinkVisibleTest" time="0.193"/>
  <system-out/>
</testsuite> <!-- com.qa.hubspot.tests.LoginPageTest -->
